Building DAG of jobs...
Using shell: /usr/bin/bash
Provided cores: 1
Rules claiming more threads will be scaled down.
Job counts:
	count	jobs
	1	all
	1	aln
	1	bam2fastq
	1	countreads
	1	filterpass
	1	find_low_complexity
	1	index
	1	remove_low_complexity
	1	rmdup
	1	taxonomize
	10

[Tue Jul 14 20:12:35 2020]
rule aln:
    input: /pollard/data/projects/eukdetect/midas_testing/busco_v4/eukdetect_repo/databases/all_buscos_v4.fna, /pollard/data/projects/eukdetect/midas_testing/busco_v4/eukdetect_repo/test_data/C_albicans_c5_R1.fastq.gz, /pollard/data/projects/eukdetect/midas_testing/busco_v4/eukdetect_repo/test_data/C_albicans_c5_R2.fastq.gz
    output: /pollard/data/projects/eukdetect/midas_testing/busco_v4/eukdetect_repo/analysis/aln/C_albicans_c5_aln_q30_lenfilter.sorted.bam
    jobid: 5
    wildcards: outputdir=/pollard/data/projects/eukdetect/midas_testing/busco_v4/eukdetect_repo/analysis, sample=C_albicans_c5

[Tue Jul 14 20:13:00 2020]
Finished job 5.
1 of 10 steps (10%) done

[Tue Jul 14 20:13:00 2020]
rule bam2fastq:
    input: /pollard/data/projects/eukdetect/midas_testing/busco_v4/eukdetect_repo/analysis/aln/C_albicans_c5_aln_q30_lenfilter.sorted.bam
    output: /pollard/data/projects/eukdetect/midas_testing/busco_v4/eukdetect_repo/analysis/aln/C_albicans_c5_aln_q30_lenfilter.fq
    jobid: 7
    wildcards: outputdir=/pollard/data/projects/eukdetect/midas_testing/busco_v4/eukdetect_repo/analysis, sample=C_albicans_c5

[Tue Jul 14 20:13:13 2020]
Finished job 7.
2 of 10 steps (20%) done

[Tue Jul 14 20:13:13 2020]
rule find_low_complexity:
    input: /pollard/data/projects/eukdetect/midas_testing/busco_v4/eukdetect_repo/analysis/aln/C_albicans_c5_aln_q30_lenfilter.fq
    output: /pollard/data/projects/eukdetect/midas_testing/busco_v4/eukdetect_repo/analysis/aln/C_albicans_c5_low_complexity.txt
    jobid: 3
    wildcards: outputdir=/pollard/data/projects/eukdetect/midas_testing/busco_v4/eukdetect_repo/analysis, sample=C_albicans_c5

[Tue Jul 14 20:13:13 2020]
Finished job 3.
3 of 10 steps (30%) done

[Tue Jul 14 20:13:13 2020]
rule remove_low_complexity:
    input: /pollard/data/projects/eukdetect/midas_testing/busco_v4/eukdetect_repo/analysis/aln/C_albicans_c5_aln_q30_lenfilter.sorted.bam, /pollard/data/projects/eukdetect/midas_testing/busco_v4/eukdetect_repo/analysis/aln/C_albicans_c5_low_complexity.txt
    output: /pollard/data/projects/eukdetect/midas_testing/busco_v4/eukdetect_repo/analysis/aln/C_albicans_c5_aln_q30_lenfilter_complexity.sorted.bam
    jobid: 6
    wildcards: outputdir=/pollard/data/projects/eukdetect/midas_testing/busco_v4/eukdetect_repo/analysis, sample=C_albicans_c5

[Tue Jul 14 20:13:15 2020]
Finished job 6.
4 of 10 steps (40%) done

[Tue Jul 14 20:13:15 2020]
rule rmdup:
    input: /pollard/data/projects/eukdetect/midas_testing/busco_v4/eukdetect_repo/analysis/aln/C_albicans_c5_aln_q30_lenfilter_complexity.sorted.bam
    output: /pollard/data/projects/eukdetect/midas_testing/busco_v4/eukdetect_repo/analysis/aln/C_albicans_c5_aln_q30_lenfilter_complexity_fixmate.sorted.bam, /pollard/data/projects/eukdetect/midas_testing/busco_v4/eukdetect_repo/analysis/aln/C_albicans_c5_aln_q30_lenfilter_complexity_rmdup.bam, /pollard/data/projects/eukdetect/midas_testing/busco_v4/eukdetect_repo/analysis/aln/C_albicans_c5_aln_q30_lenfilter_complexity_rmdup.sorted.bam, /pollard/data/projects/eukdetect/midas_testing/busco_v4/eukdetect_repo/analysis/aln/C_albicans_c5_dupremove_stats.txt
    jobid: 2
    wildcards: outputdir=/pollard/data/projects/eukdetect/midas_testing/busco_v4/eukdetect_repo/analysis, sample=C_albicans_c5

[Tue Jul 14 20:13:20 2020]
Finished job 2.
5 of 10 steps (50%) done

[Tue Jul 14 20:13:20 2020]
rule index:
    input: /pollard/data/projects/eukdetect/midas_testing/busco_v4/eukdetect_repo/analysis/aln/C_albicans_c5_aln_q30_lenfilter_complexity_rmdup.sorted.bam
    output: /pollard/data/projects/eukdetect/midas_testing/busco_v4/eukdetect_repo/analysis/aln/C_albicans_c5_aln_q30_lenfilter_complexity_rmdup.sorted.bam.bai
    jobid: 9
    wildcards: outputdir=/pollard/data/projects/eukdetect/midas_testing/busco_v4/eukdetect_repo/analysis, sample=C_albicans_c5

[Tue Jul 14 20:13:20 2020]
Finished job 9.
6 of 10 steps (60%) done

[Tue Jul 14 20:13:20 2020]
rule countreads:
    input: /pollard/data/projects/eukdetect/midas_testing/busco_v4/eukdetect_repo/analysis/aln/C_albicans_c5_aln_q30_lenfilter_complexity_rmdup.sorted.bam, /pollard/data/projects/eukdetect/midas_testing/busco_v4/eukdetect_repo/analysis/aln/C_albicans_c5_aln_q30_lenfilter_complexity_rmdup.sorted.bam.bai, /pollard/data/projects/eukdetect/midas_testing/busco_v4/eukdetect_repo/EukDetect/eukdetect/bam_to_pid.py, /pollard/data/projects/eukdetect/midas_testing/busco_v4/eukdetect_repo/databases/all_buscos_v4.fna
    output: /pollard/data/projects/eukdetect/midas_testing/busco_v4/eukdetect_repo/analysis/filtering/C_albicans_c5_read_counts_and_mismatches.txt
    jobid: 8
    wildcards: outputdir=/pollard/data/projects/eukdetect/midas_testing/busco_v4/eukdetect_repo/analysis, sample=C_albicans_c5

[Tue Jul 14 20:13:37 2020]
Finished job 8.
7 of 10 steps (70%) done

[Tue Jul 14 20:13:37 2020]
rule filterpass:
    input: /pollard/data/projects/eukdetect/midas_testing/busco_v4/eukdetect_repo/analysis/filtering/C_albicans_c5_read_counts_and_mismatches.txt, /pollard/data/projects/eukdetect/midas_testing/busco_v4/eukdetect_repo/EukDetect/eukdetect/taxonomy_counts_with_coverage_and_pid_filterpass.py, /pollard/data/projects/eukdetect/midas_testing/busco_v4/eukdetect_repo/databases/busco_taxid_link.txt, /pollard/data/projects/eukdetect/midas_testing/busco_v4/eukdetect_repo/databases/specific_and_inherited_markers_per_taxid.txt, /pollard/data/projects/eukdetect/midas_testing/busco_v4/eukdetect_repo/databases/taxa.sqlite
    output: /pollard/data/projects/eukdetect/midas_testing/busco_v4/eukdetect_repo/analysis/C_albicans_c5_hit_taxonomy_buscoall_filterpass.txt, /pollard/data/projects/eukdetect/midas_testing/busco_v4/eukdetect_repo/analysis/C_albicans_c5_read_counts_per_species_buscoall_filterpass.txt
    jobid: 1
    wildcards: outputdir=/pollard/data/projects/eukdetect/midas_testing/busco_v4/eukdetect_repo/analysis, sample=C_albicans_c5

[Tue Jul 14 20:13:56 2020]
Finished job 1.
8 of 10 steps (80%) done

[Tue Jul 14 20:13:56 2020]
rule taxonomize:
    input: /pollard/data/projects/eukdetect/midas_testing/busco_v4/eukdetect_repo/analysis/filtering/C_albicans_c5_read_counts_and_mismatches.txt, /pollard/data/projects/eukdetect/midas_testing/busco_v4/eukdetect_repo/EukDetect/eukdetect/taxonomy_counts_with_coverage_and_pid.py, /pollard/data/projects/eukdetect/midas_testing/busco_v4/eukdetect_repo/databases/busco_taxid_link.txt, /pollard/data/projects/eukdetect/midas_testing/busco_v4/eukdetect_repo/databases/specific_and_inherited_markers_per_taxid.txt, /pollard/data/projects/eukdetect/midas_testing/busco_v4/eukdetect_repo/databases/taxa.sqlite
    output: /pollard/data/projects/eukdetect/midas_testing/busco_v4/eukdetect_repo/analysis/filtering/C_albicans_c5_hit_taxonomy_buscoall.txt, /pollard/data/projects/eukdetect/midas_testing/busco_v4/eukdetect_repo/analysis/filtering/C_albicans_c5_read_counts_per_species_buscoall.txt
    jobid: 4
    wildcards: outputdir=/pollard/data/projects/eukdetect/midas_testing/busco_v4/eukdetect_repo/analysis, sample=C_albicans_c5

[Tue Jul 14 20:14:13 2020]
Finished job 4.
9 of 10 steps (90%) done

[Tue Jul 14 20:14:13 2020]
localrule all:
    input: /pollard/data/projects/eukdetect/midas_testing/busco_v4/eukdetect_repo/analysis/aln/C_albicans_c5_aln_q30_lenfilter.sorted.bam, /pollard/data/projects/eukdetect/midas_testing/busco_v4/eukdetect_repo/analysis/aln/C_albicans_c5_aln_q30_lenfilter.fq, /pollard/data/projects/eukdetect/midas_testing/busco_v4/eukdetect_repo/analysis/aln/C_albicans_c5_low_complexity.txt, /pollard/data/projects/eukdetect/midas_testing/busco_v4/eukdetect_repo/analysis/aln/C_albicans_c5_aln_q30_lenfilter.fq, /pollard/data/projects/eukdetect/midas_testing/busco_v4/eukdetect_repo/analysis/aln/C_albicans_c5_aln_q30_lenfilter_complexity.sorted.bam, /pollard/data/projects/eukdetect/midas_testing/busco_v4/eukdetect_repo/analysis/aln/C_albicans_c5_aln_q30_lenfilter_complexity_fixmate.sorted.bam, /pollard/data/projects/eukdetect/midas_testing/busco_v4/eukdetect_repo/analysis/aln/C_albicans_c5_aln_q30_lenfilter_complexity_rmdup.bam, /pollard/data/projects/eukdetect/midas_testing/busco_v4/eukdetect_repo/analysis/aln/C_albicans_c5_aln_q30_lenfilter_complexity_rmdup.sorted.bam, /pollard/data/projects/eukdetect/midas_testing/busco_v4/eukdetect_repo/analysis/aln/C_albicans_c5_aln_q30_lenfilter_complexity_rmdup.sorted.bam.bai, /pollard/data/projects/eukdetect/midas_testing/busco_v4/eukdetect_repo/analysis/aln/C_albicans_c5_dupremove_stats.txt, /pollard/data/projects/eukdetect/midas_testing/busco_v4/eukdetect_repo/analysis/filtering/C_albicans_c5_read_counts_and_mismatches.txt, /pollard/data/projects/eukdetect/midas_testing/busco_v4/eukdetect_repo/analysis/filtering/C_albicans_c5_hit_taxonomy_buscoall.txt, /pollard/data/projects/eukdetect/midas_testing/busco_v4/eukdetect_repo/analysis/filtering/C_albicans_c5_read_counts_per_species_buscoall.txt, /pollard/data/projects/eukdetect/midas_testing/busco_v4/eukdetect_repo/analysis/C_albicans_c5_hit_taxonomy_buscoall_filterpass.txt, /pollard/data/projects/eukdetect/midas_testing/busco_v4/eukdetect_repo/analysis/C_albicans_c5_read_counts_per_species_buscoall_filterpass.txt
    jobid: 0

[Tue Jul 14 20:14:13 2020]
Finished job 0.
10 of 10 steps (100%) done
Complete log: /pollard/data/projects/eukdetect/midas_testing/busco_v4/eukdetect_repo/EukDetect/.snakemake/log/2020-07-14T201234.806040.snakemake.log
