Building DAG of jobs...
Using shell: /usr/bin/bash
Provided cores: 1
Rules claiming more threads will be scaled down.
Job counts:
	count	jobs
	1	all
	1	aln
	1	bam2fastq
	1	countreads
	1	filterpass
	1	find_low_complexity
	1	index
	1	remove_low_complexity
	1	rmdup
	1	taxonomize
	10

[Tue Jul 14 20:11:40 2020]
rule aln:
    input: /pollard/data/projects/eukdetect/midas_testing/busco_v4/eukdetect_repo/databases/all_buscos_v4.fna, /pollard/data/projects/eukdetect/midas_testing/busco_v4/eukdetect_repo/test_data/C_albicans_c5_R1.fastq.gz, /pollard/data/projects/eukdetect/midas_testing/busco_v4/eukdetect_repo/test_data/C_albicans_c5_R2.fastq.gz
    output: /pollard/data/projects/eukdetect/midas_testing/busco_v4/eukdetect_repo/analysis/aln/C_albicans_c5_aln_q30_lenfilter.sorted.bam
    jobid: 9
    wildcards: outputdir=/pollard/data/projects/eukdetect/midas_testing/busco_v4/eukdetect_repo/analysis, sample=C_albicans_c5

Shutting down, this might take some time.
Exiting because a job execution failed. Look above for error message
Complete log: /pollard/data/projects/eukdetect/midas_testing/busco_v4/eukdetect_repo/EukDetect/.snakemake/log/2020-07-14T201139.103677.snakemake.log
