Building DAG of jobs...
Using shell: /usr/bin/bash
Provided cores: 1
Rules claiming more threads will be scaled down.
Job counts:
	count	jobs
	1	all
	1	aln
	1	bam2fastq
	1	countreads
	1	filterpass
	1	find_low_complexity
	1	index
	1	remove_low_complexity
	1	rmdup
	1	taxonomize
	10

[Tue Jul 14 16:24:51 2020]
rule aln:
    input: ../databases/all_buscos_v4.fna, ../test_data/C_albicans_c5_R1.fastq.gz, ../test_data/C_albicans_c5_R2.fastq.gz
    output: ../output/aln/C_albicans_c5_aln_q30_lenfilter.sorted.bam
    jobid: 9
    wildcards: rootdir=../output, sample=C_albicans_c5

[Tue Jul 14 16:25:18 2020]
Finished job 9.
1 of 10 steps (10%) done

[Tue Jul 14 16:25:18 2020]
rule bam2fastq:
    input: ../output/aln/C_albicans_c5_aln_q30_lenfilter.sorted.bam
    output: ../output/aln/C_albicans_c5_aln_q30_lenfilter.fq
    jobid: 7
    wildcards: rootdir=../output, sample=C_albicans_c5

[Tue Jul 14 16:25:32 2020]
Finished job 7.
2 of 10 steps (20%) done

[Tue Jul 14 16:25:32 2020]
rule find_low_complexity:
    input: ../output/aln/C_albicans_c5_aln_q30_lenfilter.fq
    output: ../output/aln/C_albicans_c5_low_complexity.txt
    jobid: 1
    wildcards: rootdir=../output, sample=C_albicans_c5

[Tue Jul 14 16:25:32 2020]
Finished job 1.
3 of 10 steps (30%) done

[Tue Jul 14 16:25:32 2020]
rule remove_low_complexity:
    input: ../output/aln/C_albicans_c5_aln_q30_lenfilter.sorted.bam, ../output/aln/C_albicans_c5_low_complexity.txt
    output: ../output/aln/C_albicans_c5_aln_q30_lenfilter_complexity.sorted.bam
    jobid: 8
    wildcards: rootdir=../output, sample=C_albicans_c5

[Tue Jul 14 16:25:34 2020]
Finished job 8.
4 of 10 steps (40%) done

[Tue Jul 14 16:25:34 2020]
rule rmdup:
    input: ../output/aln/C_albicans_c5_aln_q30_lenfilter_complexity.sorted.bam
    output: ../output/aln/C_albicans_c5_aln_q30_lenfilter_complexity_fixmate.sorted.bam, ../output/aln/C_albicans_c5_aln_q30_lenfilter_complexity_rmdup.bam, ../output/aln/C_albicans_c5_aln_q30_lenfilter_complexity_rmdup.sorted.bam, ../output/aln/C_albicans_c5_dupremove_stats.txt
    jobid: 5
    wildcards: rootdir=../output, sample=C_albicans_c5

[Tue Jul 14 16:25:39 2020]
Finished job 5.
5 of 10 steps (50%) done

[Tue Jul 14 16:25:39 2020]
rule index:
    input: ../output/aln/C_albicans_c5_aln_q30_lenfilter_complexity_rmdup.sorted.bam
    output: ../output/aln/C_albicans_c5_aln_q30_lenfilter_complexity_rmdup.sorted.bam.bai
    jobid: 3
    wildcards: rootdir=../output, sample=C_albicans_c5

[Tue Jul 14 16:25:39 2020]
Finished job 3.
6 of 10 steps (60%) done

[Tue Jul 14 16:25:39 2020]
rule countreads:
    input: ../output/aln/C_albicans_c5_aln_q30_lenfilter_complexity_rmdup.sorted.bam, ../output/aln/C_albicans_c5_aln_q30_lenfilter_complexity_rmdup.sorted.bam.bai, ../databases/bam_to_pid.py, ../databases/all_buscos_v4.fna
    output: ../output/aln/C_albicans_c5_read_counts_and_mismatches.txt
    jobid: 4
    wildcards: rootdir=../output, sample=C_albicans_c5

[Tue Jul 14 16:25:59 2020]
Finished job 4.
7 of 10 steps (70%) done

[Tue Jul 14 16:25:59 2020]
rule filterpass:
    input: ../output/aln/C_albicans_c5_read_counts_and_mismatches.txt, ../databases/taxonomy_counts_with_coverage_and_pid_filterpass.py, ../databases/busco_taxid_link.txt, ../databases/specific_and_inherited_markers_per_taxid.txt, ../databases/taxa.sqlite
    output: ../output/C_albicans_c5_hit_taxonomy_buscoall_filterpass.txt, ../output/C_albicans_c5_read_counts_per_species_buscoall_filterpass.txt
    jobid: 2
    wildcards: rootdir=../output, sample=C_albicans_c5

[Tue Jul 14 16:26:19 2020]
Finished job 2.
8 of 10 steps (80%) done

[Tue Jul 14 16:26:19 2020]
rule taxonomize:
    input: ../output/aln/C_albicans_c5_read_counts_and_mismatches.txt, ../databases/taxonomy_counts_with_coverage_and_pid.py, ../databases/busco_taxid_link.txt, ../databases/specific_and_inherited_markers_per_taxid.txt, ../databases/taxa.sqlite
    output: ../output/C_albicans_c5_hit_taxonomy_buscoall.txt, ../output/C_albicans_c5_read_counts_per_species_buscoall.txt
    jobid: 6
    wildcards: rootdir=../output, sample=C_albicans_c5

[Tue Jul 14 16:26:37 2020]
Finished job 6.
9 of 10 steps (90%) done

[Tue Jul 14 16:26:37 2020]
localrule all:
    input: ../output/aln/C_albicans_c5_aln_q30_lenfilter.sorted.bam, ../output/aln/C_albicans_c5_aln_q30_lenfilter.fq, ../output/aln/C_albicans_c5_low_complexity.txt, ../output/aln/C_albicans_c5_aln_q30_lenfilter.fq, ../output/aln/C_albicans_c5_aln_q30_lenfilter_complexity.sorted.bam, ../output/aln/C_albicans_c5_aln_q30_lenfilter_complexity_fixmate.sorted.bam, ../output/aln/C_albicans_c5_aln_q30_lenfilter_complexity_rmdup.bam, ../output/aln/C_albicans_c5_aln_q30_lenfilter_complexity_rmdup.sorted.bam, ../output/aln/C_albicans_c5_aln_q30_lenfilter_complexity_rmdup.sorted.bam.bai, ../output/aln/C_albicans_c5_dupremove_stats.txt, ../output/aln/C_albicans_c5_read_counts_and_mismatches.txt, ../output/C_albicans_c5_hit_taxonomy_buscoall.txt, ../output/C_albicans_c5_read_counts_per_species_buscoall.txt, ../output/C_albicans_c5_hit_taxonomy_buscoall_filterpass.txt, ../output/C_albicans_c5_read_counts_per_species_buscoall_filterpass.txt
    jobid: 0

[Tue Jul 14 16:26:37 2020]
Finished job 0.
10 of 10 steps (100%) done
Complete log: /pollard/data/projects/eukdetect/midas_testing/busco_v4/eukdetect_repo/EukDetect/.snakemake/log/2020-07-14T162450.721986.snakemake.log
